SF:/workdir/src/core.rs
FN:12,_RNvYpNtNtCs4OxnJiR2j72_9ladder_rs4core6Rating18standard_deviationB7_
FN:18,_RNvYpNtNtCs4OxnJiR2j72_9ladder_rs4core6Rating19conservative_ratingB7_
FN:92,_RNvMNtCs4OxnJiR2j72_9ladder_rs4coreNtB2_11GameOutcome3new
FN:102,_RNvMNtCs4OxnJiR2j72_9ladder_rs4coreNtB2_11GameOutcome3win
FN:109,_RNvMNtCs4OxnJiR2j72_9ladder_rs4coreNtB2_11GameOutcome4draw
FN:97,_RNvMNtCs4OxnJiR2j72_9ladder_rs4coreNtB2_11GameOutcome5ranks
FN:117,_RNvXs_NtCs4OxnJiR2j72_9ladder_rs4coreNtB4_11GameOutcomeNtB4_7Outcome23is_valid_for_team_count
FN:92,_RNvMNtCs7TQqCcX7y9v_9ladder_rs4coreNtB2_11GameOutcome3new
FN:102,_RNvMNtCs7TQqCcX7y9v_9ladder_rs4coreNtB2_11GameOutcome3win
FN:109,_RNvMNtCs7TQqCcX7y9v_9ladder_rs4coreNtB2_11GameOutcome4draw
FN:97,_RNvMNtCs7TQqCcX7y9v_9ladder_rs4coreNtB2_11GameOutcome5ranks
FN:117,_RNvXs_NtCs7TQqCcX7y9v_9ladder_rs4coreNtB4_11GameOutcomeNtB4_7Outcome23is_valid_for_team_count
FN:12,_RNvYpNtNtCs7TQqCcX7y9v_9ladder_rs4core6Rating18standard_deviationB7_
FN:18,_RNvYpNtNtCs7TQqCcX7y9v_9ladder_rs4core6Rating19conservative_ratingB7_
FNDA:0,_RNvYpNtNtCs4OxnJiR2j72_9ladder_rs4core6Rating18standard_deviationB7_
FNDA:0,_RNvYpNtNtCs4OxnJiR2j72_9ladder_rs4core6Rating19conservative_ratingB7_
FNDA:1,_RNvMNtCs4OxnJiR2j72_9ladder_rs4coreNtB2_11GameOutcome3new
FNDA:3,_RNvMNtCs4OxnJiR2j72_9ladder_rs4coreNtB2_11GameOutcome3win
FNDA:1,_RNvMNtCs4OxnJiR2j72_9ladder_rs4coreNtB2_11GameOutcome4draw
FNDA:4,_RNvMNtCs4OxnJiR2j72_9ladder_rs4coreNtB2_11GameOutcome5ranks
FNDA:4,_RNvXs_NtCs4OxnJiR2j72_9ladder_rs4coreNtB4_11GameOutcomeNtB4_7Outcome23is_valid_for_team_count
FNDA:0,_RNvMNtCs7TQqCcX7y9v_9ladder_rs4coreNtB2_11GameOutcome3new
FNDA:32,_RNvMNtCs7TQqCcX7y9v_9ladder_rs4coreNtB2_11GameOutcome3win
FNDA:6,_RNvMNtCs7TQqCcX7y9v_9ladder_rs4coreNtB2_11GameOutcome4draw
FNDA:80,_RNvMNtCs7TQqCcX7y9v_9ladder_rs4coreNtB2_11GameOutcome5ranks
FNDA:0,_RNvXs_NtCs7TQqCcX7y9v_9ladder_rs4coreNtB4_11GameOutcomeNtB4_7Outcome23is_valid_for_team_count
FNDA:0,_RNvYpNtNtCs7TQqCcX7y9v_9ladder_rs4core6Rating18standard_deviationB7_
FNDA:0,_RNvYpNtNtCs7TQqCcX7y9v_9ladder_rs4core6Rating19conservative_ratingB7_
FNF:7
FNH:5
DA:12,0
DA:13,0
DA:14,0
DA:18,0
DA:19,0
DA:20,0
DA:92,1
DA:93,1
DA:94,1
DA:97,84
DA:98,84
DA:99,84
DA:102,35
DA:103,35
DA:104,35
DA:105,35
DA:106,35
DA:109,7
DA:110,7
DA:111,7
DA:112,7
DA:113,7
DA:117,4
DA:118,4
DA:119,4
BRF:0
BRH:0
LF:25
LH:19
end_of_record
SF:/workdir/src/elo.rs
FN:93,_RNvMs2_NtCs4OxnJiR2j72_9ladder_rs3eloNtB5_9EloSystem15with_parameters
FN:64,_RNvXs1_NtCs4OxnJiR2j72_9ladder_rs3eloNtB5_13EloTeamRatingNtNtB7_4core10TeamRating19from_player_ratings
FN:121,_RNvXs3_NtCs4OxnJiR2j72_9ladder_rs3eloNtB5_9EloSystemNtNtCs9sjCchOt1K7_4core7default7Default7default
FN:135,_RNvXs4_NtCs4OxnJiR2j72_9ladder_rs3eloNtB5_9EloSystemNtNtB7_4core12RatingSystem25create_rating_with_values
FN:14,_RNvMNtCs4OxnJiR2j72_9ladder_rs3eloNtB2_9EloRating3new
FN:19,_RNvMNtCs4OxnJiR2j72_9ladder_rs3eloNtB2_9EloRating6rating
FN:50,_RNvMs0_NtCs4OxnJiR2j72_9ladder_rs3eloNtB5_13EloTeamRating3new
FN:112,_RNvMs2_NtCs4OxnJiR2j72_9ladder_rs3eloNtB5_9EloSystem15calculate_delta
FN:104,_RNvMs2_NtCs4OxnJiR2j72_9ladder_rs3eloNtB5_9EloSystem15win_probability
FN:83,_RNvMs2_NtCs4OxnJiR2j72_9ladder_rs3eloNtB5_9EloSystem3new
FN:217,_RNvNtCs4OxnJiR2j72_9ladder_rs3elo12gaussian_cdf
FN:222,_RNvNtCs4OxnJiR2j72_9ladder_rs3elo3erf
FN:60,_RNvXs1_NtCs4OxnJiR2j72_9ladder_rs3eloNtB5_13EloTeamRatingNtNtB7_4core10TeamRating14player_ratings
FN:131,_RNvXs4_NtCs4OxnJiR2j72_9ladder_rs3eloNtB5_9EloSystemNtNtB7_4core12RatingSystem13create_rating
FN:189,_RNvXs4_NtCs4OxnJiR2j72_9ladder_rs3eloNtB5_9EloSystemNtNtB7_4core12RatingSystem23calculate_match_quality
FN:140,_RNvXs4_NtCs4OxnJiR2j72_9ladder_rs3eloNtB5_9EloSystemNtNtB7_4core12RatingSystem4rate
FN:35,_RNvXs_NtCs4OxnJiR2j72_9ladder_rs3eloNtB4_9EloRatingNtNtB6_4core6Rating19conservative_rating
FN:25,_RNvXs_NtCs4OxnJiR2j72_9ladder_rs3eloNtB4_9EloRatingNtNtB6_4core6Rating4mean
FN:29,_RNvXs_NtCs4OxnJiR2j72_9ladder_rs3eloNtB4_9EloRatingNtNtB6_4core6Rating8variance
FN:288,_RNvNtNtCs4OxnJiR2j72_9ladder_rs3elo5testss_18test_match_quality
FN:301,_RNvNtNtCs4OxnJiR2j72_9ladder_rs3elo5testss_20test_win_probability
FN:318,_RNvNtNtCs4OxnJiR2j72_9ladder_rs3elo5testss_23test_invalid_team_count
FN:244,_RNvNtNtCs4OxnJiR2j72_9ladder_rs3elo5testss_24test_elo_rating_creation
FN:253,_RNvNtNtCs4OxnJiR2j72_9ladder_rs3elo5testss_24test_elo_system_creation
FN:260,_RNvNtNtCs4OxnJiR2j72_9ladder_rs3elo5testss_26test_elo_rating_update_win
FN:274,_RNvNtNtCs4OxnJiR2j72_9ladder_rs3elo5testss_27test_elo_rating_update_draw
FNDA:0,_RNvMs2_NtCs4OxnJiR2j72_9ladder_rs3eloNtB5_9EloSystem15with_parameters
FNDA:0,_RNvXs1_NtCs4OxnJiR2j72_9ladder_rs3eloNtB5_13EloTeamRatingNtNtB7_4core10TeamRating19from_player_ratings
FNDA:0,_RNvXs3_NtCs4OxnJiR2j72_9ladder_rs3eloNtB5_9EloSystemNtNtCs9sjCchOt1K7_4core7default7Default7default
FNDA:0,_RNvXs4_NtCs4OxnJiR2j72_9ladder_rs3eloNtB5_9EloSystemNtNtB7_4core12RatingSystem25create_rating_with_values
FNDA:13,_RNvMNtCs4OxnJiR2j72_9ladder_rs3eloNtB2_9EloRating3new
FNDA:12,_RNvMNtCs4OxnJiR2j72_9ladder_rs3eloNtB2_9EloRating6rating
FNDA:11,_RNvMs0_NtCs4OxnJiR2j72_9ladder_rs3eloNtB5_13EloTeamRating3new
FNDA:2,_RNvMs2_NtCs4OxnJiR2j72_9ladder_rs3eloNtB5_9EloSystem15calculate_delta
FNDA:6,_RNvMs2_NtCs4OxnJiR2j72_9ladder_rs3eloNtB5_9EloSystem15win_probability
FNDA:6,_RNvMs2_NtCs4OxnJiR2j72_9ladder_rs3eloNtB5_9EloSystem3new
FNDA:6,_RNvNtCs4OxnJiR2j72_9ladder_rs3elo12gaussian_cdf
FNDA:6,_RNvNtCs4OxnJiR2j72_9ladder_rs3elo3erf
FNDA:16,_RNvXs1_NtCs4OxnJiR2j72_9ladder_rs3eloNtB5_13EloTeamRatingNtNtB7_4core10TeamRating14player_ratings
FNDA:1,_RNvXs4_NtCs4OxnJiR2j72_9ladder_rs3eloNtB5_9EloSystemNtNtB7_4core12RatingSystem13create_rating
FNDA:1,_RNvXs4_NtCs4OxnJiR2j72_9ladder_rs3eloNtB5_9EloSystemNtNtB7_4core12RatingSystem23calculate_match_quality
FNDA:3,_RNvXs4_NtCs4OxnJiR2j72_9ladder_rs3eloNtB5_9EloSystemNtNtB7_4core12RatingSystem4rate
FNDA:1,_RNvXs_NtCs4OxnJiR2j72_9ladder_rs3eloNtB4_9EloRatingNtNtB6_4core6Rating19conservative_rating
FNDA:1,_RNvXs_NtCs4OxnJiR2j72_9ladder_rs3eloNtB4_9EloRatingNtNtB6_4core6Rating4mean
FNDA:1,_RNvXs_NtCs4OxnJiR2j72_9ladder_rs3eloNtB4_9EloRatingNtNtB6_4core6Rating8variance
FNDA:1,_RNvNtNtCs4OxnJiR2j72_9ladder_rs3elo5testss_18test_match_quality
FNDA:1,_RNvNtNtCs4OxnJiR2j72_9ladder_rs3elo5testss_20test_win_probability
FNDA:1,_RNvNtNtCs4OxnJiR2j72_9ladder_rs3elo5testss_23test_invalid_team_count
FNDA:1,_RNvNtNtCs4OxnJiR2j72_9ladder_rs3elo5testss_24test_elo_rating_creation
FNDA:1,_RNvNtNtCs4OxnJiR2j72_9ladder_rs3elo5testss_24test_elo_system_creation
FNDA:1,_RNvNtNtCs4OxnJiR2j72_9ladder_rs3elo5testss_26test_elo_rating_update_win
FNDA:1,_RNvNtNtCs4OxnJiR2j72_9ladder_rs3elo5testss_27test_elo_rating_update_draw
FNF:26
FNH:22
DA:14,13
DA:15,13
DA:16,13
DA:19,12
DA:20,12
DA:21,12
DA:25,1
DA:26,1
DA:27,1
DA:29,1
DA:30,1
DA:31,1
DA:32,1
DA:33,1
DA:35,1
DA:36,1
DA:37,1
DA:38,1
DA:39,1
DA:50,11
DA:51,11
DA:52,11
DA:53,11
DA:54,11
DA:60,16
DA:61,16
DA:62,16
DA:64,0
DA:65,0
DA:66,0
DA:83,6
DA:84,6
DA:85,6
DA:86,6
DA:87,6
DA:88,6
DA:89,6
DA:90,6
DA:93,0
DA:94,0
DA:95,0
DA:96,0
DA:97,0
DA:98,0
DA:99,0
DA:100,0
DA:104,6
DA:105,6
DA:106,6
DA:107,6
DA:108,6
DA:112,2
DA:113,2
DA:114,2
DA:115,2
DA:116,2
DA:117,2
DA:121,0
DA:122,0
DA:123,0
DA:131,1
DA:132,1
DA:133,1
DA:135,0
DA:136,0
DA:137,0
DA:138,0
DA:140,3
DA:141,3
DA:142,3
DA:143,3
DA:144,3
DA:145,3
DA:146,3
DA:147,1
DA:148,1
DA:149,1
DA:150,2
DA:151,2
DA:152,2
DA:153,0
DA:154,2
DA:155,2
DA:156,2
DA:157,2
DA:158,0
DA:159,0
DA:160,0
DA:161,2
DA:162,2
DA:163,2
DA:164,2
DA:165,2
DA:166,2
DA:169,2
DA:170,1
DA:171,1
DA:172,0
DA:174,1
DA:178,2
DA:179,2
DA:180,2
DA:181,2
DA:182,2
DA:183,2
DA:184,2
DA:185,2
DA:186,2
DA:187,3
DA:189,1
DA:190,1
DA:191,0
DA:192,0
DA:193,0
DA:194,1
DA:195,1
DA:196,1
DA:197,0
DA:198,0
DA:199,0
DA:200,1
DA:201,1
DA:202,1
DA:203,1
DA:204,1
DA:205,1
DA:206,1
DA:207,1
DA:208,1
DA:209,1
DA:210,1
DA:211,1
DA:212,1
DA:217,6
DA:218,6
DA:219,6
DA:222,6
DA:223,6
DA:224,6
DA:225,6
DA:226,6
DA:227,6
DA:228,6
DA:230,6
DA:231,6
DA:232,6
DA:233,6
DA:234,6
DA:235,6
DA:236,6
DA:237,6
DA:244,1
DA:245,1
DA:246,1
DA:247,1
DA:248,1
DA:249,1
DA:250,1
DA:253,1
DA:254,1
DA:255,1
DA:256,1
DA:257,1
DA:260,1
DA:261,1
DA:262,1
DA:263,1
DA:264,1
DA:265,1
DA:266,1
DA:267,1
DA:268,1
DA:269,1
DA:270,1
DA:271,1
DA:274,1
DA:275,1
DA:276,1
DA:277,1
DA:278,1
DA:279,1
DA:280,1
DA:281,1
DA:282,1
DA:283,1
DA:284,1
DA:285,1
DA:288,1
DA:289,1
DA:290,1
DA:291,1
DA:292,1
DA:293,1
DA:294,1
DA:295,1
DA:296,1
DA:297,1
DA:298,1
DA:301,1
DA:302,1
DA:303,1
DA:304,1
DA:305,1
DA:306,1
DA:309,1
DA:310,1
DA:313,1
DA:314,1
DA:315,1
DA:318,1
DA:319,1
DA:320,1
DA:321,1
DA:322,1
DA:323,1
DA:324,1
DA:325,1
BRF:0
BRH:0
LF:217
LH:188
end_of_record
SF:/workdir/src/glicko.rs
FN:29,_RNvMNtCs4OxnJiR2j72_9ladder_rs6glickoNtB2_12GlickoRating16to_glicko2_scale
FN:34,_RNvMNtCs4OxnJiR2j72_9ladder_rs6glickoNtB2_12GlickoRating18from_glicko2_scale
FN:177,_RNvMs5_NtCs4OxnJiR2j72_9ladder_rs6glickoNtB5_6Glicko11with_config
FN:353,_RNvMs9_NtCs4OxnJiR2j72_9ladder_rs6glickoNtB5_7Glicko211with_config
FN:226,_RNvXs6_NtCs4OxnJiR2j72_9ladder_rs6glickoNtB5_6GlickoNtNtCs9sjCchOt1K7_4core7default7Default7default
FN:236,_RNvXs7_NtCs4OxnJiR2j72_9ladder_rs6glickoNtB5_6GlickoNtNtB7_4core12RatingSystem13create_rating
FN:240,_RNvXs7_NtCs4OxnJiR2j72_9ladder_rs6glickoNtB5_6GlickoNtNtB7_4core12RatingSystem25create_rating_with_values
FN:451,_RNvXsa_NtCs4OxnJiR2j72_9ladder_rs6glickoNtB5_7Glicko2NtNtCs9sjCchOt1K7_4core7default7Default7default
FN:461,_RNvXsb_NtCs4OxnJiR2j72_9ladder_rs6glickoNtB5_7Glicko2NtNtB7_4core12RatingSystem13create_rating
FN:518,_RNvXsb_NtCs4OxnJiR2j72_9ladder_rs6glickoNtB5_7Glicko2NtNtB7_4core12RatingSystem23calculate_match_quality
FN:465,_RNvXsb_NtCs4OxnJiR2j72_9ladder_rs6glickoNtB5_7Glicko2NtNtB7_4core12RatingSystem25create_rating_with_values
FN:201,_RNCNvMs5_NtCs4OxnJiR2j72_9ladder_rs6glickoNtB7_6Glicko13update_rating0B9_
FN:210,_RNCNvMs5_NtCs4OxnJiR2j72_9ladder_rs6glickoNtB7_6Glicko13update_ratings0_0B9_
FN:210,_RNCNvMs5_NtCs4OxnJiR2j72_9ladder_rs6glickoNtB7_6Glicko13update_ratings_0B9_
FN:379,_RNCNvMs9_NtCs4OxnJiR2j72_9ladder_rs6glickoNtB7_7Glicko213update_rating0B9_
FN:389,_RNCNvMs9_NtCs4OxnJiR2j72_9ladder_rs6glickoNtB7_7Glicko213update_ratings0_0B9_
FN:389,_RNCNvMs9_NtCs4OxnJiR2j72_9ladder_rs6glickoNtB7_7Glicko213update_ratings_0B9_
FN:412,_RNCNvMs9_NtCs4OxnJiR2j72_9ladder_rs6glickoNtB7_7Glicko224calculate_new_volatility0B9_
FN:577,_RNvNtNtCs4OxnJiR2j72_9ladder_rs6glicko5testss_24test_glicko_match_update
FN:611,_RNvNtNtCs4OxnJiR2j72_9ladder_rs6glicko5testss_25test_glicko2_match_update
FN:596,_RNvNtNtCs4OxnJiR2j72_9ladder_rs6glicko5testss_25test_glicko_match_quality
FN:562,_RNvNtNtCs4OxnJiR2j72_9ladder_rs6glicko5testss_27test_glicko_rating_creation
FN:569,_RNvNtNtCs4OxnJiR2j72_9ladder_rs6glicko5testss_28test_glicko2_rating_creation
FN:630,_RNvNtNtCs4OxnJiR2j72_9ladder_rs6glicko5testss_32test_rating_trait_implementation
FN:19,_RNvMNtCs4OxnJiR2j72_9ladder_rs6glickoNtB2_12GlickoRating3new
FN:24,_RNvMNtCs4OxnJiR2j72_9ladder_rs6glickoNtB2_12GlickoRating7default
FN:80,_RNvMs0_NtCs4OxnJiR2j72_9ladder_rs6glickoNtB5_13Glicko2Rating16to_glicko2_scale
FN:85,_RNvMs0_NtCs4OxnJiR2j72_9ladder_rs6glickoNtB5_13Glicko2Rating18from_glicko2_scale
FN:70,_RNvMs0_NtCs4OxnJiR2j72_9ladder_rs6glickoNtB5_13Glicko2Rating3new
FN:75,_RNvMs0_NtCs4OxnJiR2j72_9ladder_rs6glickoNtB5_13Glicko2Rating7default
FN:192,_RNvMs5_NtCs4OxnJiR2j72_9ladder_rs6glickoNtB5_6Glicko13update_rating
FN:187,_RNvMs5_NtCs4OxnJiR2j72_9ladder_rs6glickoNtB5_6Glicko14expected_score
FN:182,_RNvMs5_NtCs4OxnJiR2j72_9ladder_rs6glickoNtB5_6Glicko1g
FN:170,_RNvMs5_NtCs4OxnJiR2j72_9ladder_rs6glickoNtB5_6Glicko3new
FN:368,_RNvMs9_NtCs4OxnJiR2j72_9ladder_rs6glickoNtB5_7Glicko213update_rating
FN:363,_RNvMs9_NtCs4OxnJiR2j72_9ladder_rs6glickoNtB5_7Glicko214expected_score
FN:358,_RNvMs9_NtCs4OxnJiR2j72_9ladder_rs6glickoNtB5_7Glicko21g
FN:408,_RNvMs9_NtCs4OxnJiR2j72_9ladder_rs6glickoNtB5_7Glicko224calculate_new_volatility
FN:346,_RNvMs9_NtCs4OxnJiR2j72_9ladder_rs6glickoNtB5_7Glicko23new
FN:99,_RNvXs1_NtCs4OxnJiR2j72_9ladder_rs6glickoNtB5_13Glicko2RatingNtNtB7_4core6Rating18standard_deviation
FN:103,_RNvXs1_NtCs4OxnJiR2j72_9ladder_rs6glickoNtB5_13Glicko2RatingNtNtB7_4core6Rating19conservative_rating
FN:91,_RNvXs1_NtCs4OxnJiR2j72_9ladder_rs6glickoNtB5_13Glicko2RatingNtNtB7_4core6Rating4mean
FN:95,_RNvXs1_NtCs4OxnJiR2j72_9ladder_rs6glickoNtB5_13Glicko2RatingNtNtB7_4core6Rating8variance
FN:117,_RNvXs2_NtCs4OxnJiR2j72_9ladder_rs6glickoNtB5_16GlickoTeamRatingNtNtB7_4core10TeamRating14player_ratings
FN:121,_RNvXs2_NtCs4OxnJiR2j72_9ladder_rs6glickoNtB5_16GlickoTeamRatingNtNtB7_4core10TeamRating19from_player_ratings
FN:135,_RNvXs3_NtCs4OxnJiR2j72_9ladder_rs6glickoNtB5_17Glicko2TeamRatingNtNtB7_4core10TeamRating14player_ratings
FN:139,_RNvXs3_NtCs4OxnJiR2j72_9ladder_rs6glickoNtB5_17Glicko2TeamRatingNtNtB7_4core10TeamRating19from_player_ratings
FN:154,_RNvXs4_NtCs4OxnJiR2j72_9ladder_rs6glickoNtB5_12GlickoConfigNtNtCs9sjCchOt1K7_4core7default7Default7default
FN:293,_RNvXs7_NtCs4OxnJiR2j72_9ladder_rs6glickoNtB5_6GlickoNtNtB7_4core12RatingSystem23calculate_match_quality
FN:244,_RNvXs7_NtCs4OxnJiR2j72_9ladder_rs6glickoNtB5_6GlickoNtNtB7_4core12RatingSystem4rate
FN:330,_RNvXs8_NtCs4OxnJiR2j72_9ladder_rs6glickoNtB5_13Glicko2ConfigNtNtCs9sjCchOt1K7_4core7default7Default7default
FN:48,_RNvXs_NtCs4OxnJiR2j72_9ladder_rs6glickoNtB4_12GlickoRatingNtNtB6_4core6Rating18standard_deviation
FN:52,_RNvXs_NtCs4OxnJiR2j72_9ladder_rs6glickoNtB4_12GlickoRatingNtNtB6_4core6Rating19conservative_rating
FN:40,_RNvXs_NtCs4OxnJiR2j72_9ladder_rs6glickoNtB4_12GlickoRatingNtNtB6_4core6Rating4mean
FN:44,_RNvXs_NtCs4OxnJiR2j72_9ladder_rs6glickoNtB4_12GlickoRatingNtNtB6_4core6Rating8variance
FN:469,_RNvXsb_NtCs4OxnJiR2j72_9ladder_rs6glickoNtB5_7Glicko2NtNtB7_4core12RatingSystem4rate
FNDA:0,_RNvMNtCs4OxnJiR2j72_9ladder_rs6glickoNtB2_12GlickoRating16to_glicko2_scale
FNDA:0,_RNvMNtCs4OxnJiR2j72_9ladder_rs6glickoNtB2_12GlickoRating18from_glicko2_scale
FNDA:0,_RNvMs5_NtCs4OxnJiR2j72_9ladder_rs6glickoNtB5_6Glicko11with_config
FNDA:0,_RNvMs9_NtCs4OxnJiR2j72_9ladder_rs6glickoNtB5_7Glicko211with_config
FNDA:0,_RNvXs6_NtCs4OxnJiR2j72_9ladder_rs6glickoNtB5_6GlickoNtNtCs9sjCchOt1K7_4core7default7Default7default
FNDA:0,_RNvXs7_NtCs4OxnJiR2j72_9ladder_rs6glickoNtB5_6GlickoNtNtB7_4core12RatingSystem13create_rating
FNDA:0,_RNvXs7_NtCs4OxnJiR2j72_9ladder_rs6glickoNtB5_6GlickoNtNtB7_4core12RatingSystem25create_rating_with_values
FNDA:0,_RNvXsa_NtCs4OxnJiR2j72_9ladder_rs6glickoNtB5_7Glicko2NtNtCs9sjCchOt1K7_4core7default7Default7default
FNDA:0,_RNvXsb_NtCs4OxnJiR2j72_9ladder_rs6glickoNtB5_7Glicko2NtNtB7_4core12RatingSystem13create_rating
FNDA:0,_RNvXsb_NtCs4OxnJiR2j72_9ladder_rs6glickoNtB5_7Glicko2NtNtB7_4core12RatingSystem23calculate_match_quality
FNDA:0,_RNvXsb_NtCs4OxnJiR2j72_9ladder_rs6glickoNtB5_7Glicko2NtNtB7_4core12RatingSystem25create_rating_with_values
FNDA:2,_RNCNvMs5_NtCs4OxnJiR2j72_9ladder_rs6glickoNtB7_6Glicko13update_rating0B9_
FNDA:2,_RNCNvMs5_NtCs4OxnJiR2j72_9ladder_rs6glickoNtB7_6Glicko13update_ratings0_0B9_
FNDA:2,_RNCNvMs5_NtCs4OxnJiR2j72_9ladder_rs6glickoNtB7_6Glicko13update_ratings_0B9_
FNDA:2,_RNCNvMs9_NtCs4OxnJiR2j72_9ladder_rs6glickoNtB7_7Glicko213update_rating0B9_
FNDA:2,_RNCNvMs9_NtCs4OxnJiR2j72_9ladder_rs6glickoNtB7_7Glicko213update_ratings0_0B9_
FNDA:2,_RNCNvMs9_NtCs4OxnJiR2j72_9ladder_rs6glickoNtB7_7Glicko213update_ratings_0B9_
FNDA:10,_RNCNvMs9_NtCs4OxnJiR2j72_9ladder_rs6glickoNtB7_7Glicko224calculate_new_volatility0B9_
FNDA:1,_RNvNtNtCs4OxnJiR2j72_9ladder_rs6glicko5testss_24test_glicko_match_update
FNDA:1,_RNvNtNtCs4OxnJiR2j72_9ladder_rs6glicko5testss_25test_glicko2_match_update
FNDA:1,_RNvNtNtCs4OxnJiR2j72_9ladder_rs6glicko5testss_25test_glicko_match_quality
FNDA:1,_RNvNtNtCs4OxnJiR2j72_9ladder_rs6glicko5testss_27test_glicko_rating_creation
FNDA:1,_RNvNtNtCs4OxnJiR2j72_9ladder_rs6glicko5testss_28test_glicko2_rating_creation
FNDA:1,_RNvNtNtCs4OxnJiR2j72_9ladder_rs6glicko5testss_32test_rating_trait_implementation
FNDA:8,_RNvMNtCs4OxnJiR2j72_9ladder_rs6glickoNtB2_12GlickoRating3new
FNDA:1,_RNvMNtCs4OxnJiR2j72_9ladder_rs6glickoNtB2_12GlickoRating7default
FNDA:4,_RNvMs0_NtCs4OxnJiR2j72_9ladder_rs6glickoNtB5_13Glicko2Rating16to_glicko2_scale
FNDA:2,_RNvMs0_NtCs4OxnJiR2j72_9ladder_rs6glickoNtB5_13Glicko2Rating18from_glicko2_scale
FNDA:6,_RNvMs0_NtCs4OxnJiR2j72_9ladder_rs6glickoNtB5_13Glicko2Rating3new
FNDA:1,_RNvMs0_NtCs4OxnJiR2j72_9ladder_rs6glickoNtB5_13Glicko2Rating7default
FNDA:2,_RNvMs5_NtCs4OxnJiR2j72_9ladder_rs6glickoNtB5_6Glicko13update_rating
FNDA:3,_RNvMs5_NtCs4OxnJiR2j72_9ladder_rs6glickoNtB5_6Glicko14expected_score
FNDA:5,_RNvMs5_NtCs4OxnJiR2j72_9ladder_rs6glickoNtB5_6Glicko1g
FNDA:2,_RNvMs5_NtCs4OxnJiR2j72_9ladder_rs6glickoNtB5_6Glicko3new
FNDA:2,_RNvMs9_NtCs4OxnJiR2j72_9ladder_rs6glickoNtB5_7Glicko213update_rating
FNDA:2,_RNvMs9_NtCs4OxnJiR2j72_9ladder_rs6glickoNtB5_7Glicko214expected_score
FNDA:4,_RNvMs9_NtCs4OxnJiR2j72_9ladder_rs6glickoNtB5_7Glicko21g
FNDA:2,_RNvMs9_NtCs4OxnJiR2j72_9ladder_rs6glickoNtB5_7Glicko224calculate_new_volatility
FNDA:1,_RNvMs9_NtCs4OxnJiR2j72_9ladder_rs6glickoNtB5_7Glicko23new
FNDA:2,_RNvXs1_NtCs4OxnJiR2j72_9ladder_rs6glickoNtB5_13Glicko2RatingNtNtB7_4core6Rating18standard_deviation
FNDA:1,_RNvXs1_NtCs4OxnJiR2j72_9ladder_rs6glickoNtB5_13Glicko2RatingNtNtB7_4core6Rating19conservative_rating
FNDA:4,_RNvXs1_NtCs4OxnJiR2j72_9ladder_rs6glickoNtB5_13Glicko2RatingNtNtB7_4core6Rating4mean
FNDA:1,_RNvXs1_NtCs4OxnJiR2j72_9ladder_rs6glickoNtB5_13Glicko2RatingNtNtB7_4core6Rating8variance
FNDA:10,_RNvXs2_NtCs4OxnJiR2j72_9ladder_rs6glickoNtB5_16GlickoTeamRatingNtNtB7_4core10TeamRating14player_ratings
FNDA:6,_RNvXs2_NtCs4OxnJiR2j72_9ladder_rs6glickoNtB5_16GlickoTeamRatingNtNtB7_4core10TeamRating19from_player_ratings
FNDA:6,_RNvXs3_NtCs4OxnJiR2j72_9ladder_rs6glickoNtB5_17Glicko2TeamRatingNtNtB7_4core10TeamRating14player_ratings
FNDA:4,_RNvXs3_NtCs4OxnJiR2j72_9ladder_rs6glickoNtB5_17Glicko2TeamRatingNtNtB7_4core10TeamRating19from_player_ratings
FNDA:2,_RNvXs4_NtCs4OxnJiR2j72_9ladder_rs6glickoNtB5_12GlickoConfigNtNtCs9sjCchOt1K7_4core7default7Default7default
FNDA:1,_RNvXs7_NtCs4OxnJiR2j72_9ladder_rs6glickoNtB5_6GlickoNtNtB7_4core12RatingSystem23calculate_match_quality
FNDA:1,_RNvXs7_NtCs4OxnJiR2j72_9ladder_rs6glickoNtB5_6GlickoNtNtB7_4core12RatingSystem4rate
FNDA:1,_RNvXs8_NtCs4OxnJiR2j72_9ladder_rs6glickoNtB5_13Glicko2ConfigNtNtCs9sjCchOt1K7_4core7default7Default7default
FNDA:2,_RNvXs_NtCs4OxnJiR2j72_9ladder_rs6glickoNtB4_12GlickoRatingNtNtB6_4core6Rating18standard_deviation
FNDA:1,_RNvXs_NtCs4OxnJiR2j72_9ladder_rs6glickoNtB4_12GlickoRatingNtNtB6_4core6Rating19conservative_rating
FNDA:4,_RNvXs_NtCs4OxnJiR2j72_9ladder_rs6glickoNtB4_12GlickoRatingNtNtB6_4core6Rating4mean
FNDA:1,_RNvXs_NtCs4OxnJiR2j72_9ladder_rs6glickoNtB4_12GlickoRatingNtNtB6_4core6Rating8variance
FNDA:1,_RNvXsb_NtCs4OxnJiR2j72_9ladder_rs6glickoNtB5_7Glicko2NtNtB7_4core12RatingSystem4rate
FNF:56
FNH:45
DA:19,8
DA:20,8
DA:21,8
DA:24,1
DA:25,1
DA:26,1
DA:29,0
DA:30,0
DA:31,0
DA:34,0
DA:35,0
DA:36,0
DA:40,4
DA:41,4
DA:42,4
DA:44,1
DA:45,1
DA:46,1
DA:48,2
DA:49,2
DA:50,2
DA:52,1
DA:53,1
DA:54,1
DA:70,6
DA:71,6
DA:72,6
DA:75,1
DA:76,1
DA:77,1
DA:80,4
DA:81,4
DA:82,4
DA:85,2
DA:86,2
DA:87,2
DA:91,4
DA:92,4
DA:93,4
DA:95,1
DA:96,1
DA:97,1
DA:99,2
DA:100,2
DA:101,2
DA:103,1
DA:104,1
DA:105,1
DA:117,10
DA:118,10
DA:119,10
DA:121,6
DA:122,6
DA:123,6
DA:135,6
DA:136,6
DA:137,6
DA:139,4
DA:140,4
DA:141,4
DA:154,2
DA:155,2
DA:156,2
DA:157,2
DA:158,2
DA:159,2
DA:170,2
DA:171,2
DA:172,2
DA:173,2
DA:174,2
DA:177,0
DA:178,0
DA:179,0
DA:182,5
DA:183,5
DA:184,5
DA:187,3
DA:188,3
DA:189,3
DA:192,2
DA:193,2
DA:195,0
DA:196,0
DA:197,2
DA:198,2
DA:199,2
DA:200,2
DA:201,2
DA:202,2
DA:203,2
DA:204,2
DA:205,2
DA:206,2
DA:207,2
DA:208,2
DA:209,2
DA:210,2
DA:211,2
DA:212,2
DA:213,2
DA:214,2
DA:215,2
DA:216,2
DA:217,2
DA:218,2
DA:219,2
DA:220,2
DA:221,2
DA:222,2
DA:226,0
DA:227,0
DA:228,0
DA:236,0
DA:237,0
DA:238,0
DA:240,0
DA:241,0
DA:242,0
DA:244,1
DA:245,1
DA:246,1
DA:247,1
DA:248,1
DA:249,1
DA:250,0
DA:251,0
DA:252,0
DA:253,1
DA:254,1
DA:255,1
DA:256,0
DA:257,0
DA:258,0
DA:259,1
DA:260,1
DA:261,1
DA:262,1
DA:263,1
DA:264,1
DA:265,0
DA:266,0
DA:267,0
DA:268,1
DA:269,1
DA:270,1
DA:271,1
DA:274,1
DA:275,1
DA:276,0
DA:277,0
DA:278,0
DA:279,0
DA:280,0
DA:284,1
DA:285,1
DA:286,1
DA:287,1
DA:288,1
DA:289,1
DA:290,1
DA:291,1
DA:293,1
DA:294,1
DA:295,0
DA:296,0
DA:297,0
DA:298,1
DA:299,1
DA:300,1
DA:301,1
DA:302,1
DA:303,1
DA:304,0
DA:305,0
DA:306,0
DA:307,1
DA:308,1
DA:309,1
DA:310,1
DA:311,1
DA:312,1
DA:313,1
DA:314,1
DA:315,1
DA:316,1
DA:317,1
DA:330,1
DA:331,1
DA:332,1
DA:333,1
DA:334,1
DA:335,1
DA:346,1
DA:347,1
DA:348,1
DA:349,1
DA:350,1
DA:353,0
DA:354,0
DA:355,0
DA:358,4
DA:359,4
DA:360,4
DA:363,2
DA:364,2
DA:365,2
DA:368,2
DA:369,2
DA:370,2
DA:371,2
DA:373,0
DA:374,0
DA:375,2
DA:376,2
DA:377,2
DA:378,2
DA:379,2
DA:380,2
DA:381,2
DA:382,2
DA:383,2
DA:384,2
DA:385,2
DA:386,2
DA:387,2
DA:388,2
DA:389,2
DA:390,2
DA:391,2
DA:392,2
DA:393,2
DA:394,2
DA:395,2
DA:396,2
DA:397,2
DA:398,2
DA:399,2
DA:400,2
DA:401,2
DA:402,2
DA:403,2
DA:404,2
DA:405,2
DA:408,2
DA:409,2
DA:410,2
DA:411,2
DA:412,10
DA:413,10
DA:414,10
DA:415,10
DA:416,10
DA:417,10
DA:418,10
DA:421,2
DA:422,2
DA:423,0
DA:424,0
DA:426,2
DA:427,2
DA:430,2
DA:431,2
DA:432,2
DA:433,2
DA:434,2
DA:435,2
DA:436,0
DA:437,0
DA:438,0
DA:439,0
DA:440,0
DA:441,0
DA:442,0
DA:443,0
DA:446,0
DA:447,2
DA:451,0
DA:452,0
DA:453,0
DA:461,0
DA:462,0
DA:463,0
DA:465,0
DA:466,0
DA:467,0
DA:469,1
DA:470,1
DA:471,1
DA:472,1
DA:473,1
DA:474,1
DA:475,0
DA:476,0
DA:477,0
DA:478,1
DA:479,1
DA:480,1
DA:481,0
DA:482,0
DA:483,0
DA:484,1
DA:485,1
DA:486,1
DA:487,1
DA:488,1
DA:489,1
DA:490,0
DA:491,0
DA:492,0
DA:493,1
DA:494,1
DA:495,1
DA:496,1
DA:499,1
DA:500,1
DA:501,0
DA:502,0
DA:503,0
DA:504,0
DA:505,0
DA:509,1
DA:510,1
DA:511,1
DA:512,1
DA:513,1
DA:514,1
DA:515,1
DA:516,1
DA:518,0
DA:519,0
DA:520,0
DA:521,0
DA:522,0
DA:523,0
DA:524,0
DA:525,0
DA:526,0
DA:527,0
DA:528,0
DA:529,0
DA:530,0
DA:531,0
DA:532,0
DA:533,0
DA:534,0
DA:535,0
DA:536,0
DA:537,0
DA:538,0
DA:539,0
DA:540,0
DA:541,0
DA:542,0
DA:543,0
DA:544,0
DA:545,0
DA:562,1
DA:563,1
DA:564,1
DA:565,1
DA:566,1
DA:569,1
DA:570,1
DA:571,1
DA:572,1
DA:573,1
DA:574,1
DA:577,1
DA:578,1
DA:579,1
DA:580,1
DA:581,1
DA:582,1
DA:583,1
DA:584,1
DA:585,1
DA:586,1
DA:587,1
DA:588,1
DA:589,1
DA:590,1
DA:592,1
DA:593,1
DA:596,1
DA:597,1
DA:598,1
DA:599,1
DA:600,1
DA:601,1
DA:602,1
DA:603,1
DA:604,1
DA:605,1
DA:606,1
DA:607,1
DA:608,1
DA:611,1
DA:612,1
DA:613,1
DA:614,1
DA:615,1
DA:616,1
DA:617,1
DA:618,1
DA:619,1
DA:620,1
DA:621,1
DA:622,1
DA:623,1
DA:624,1
DA:626,1
DA:627,1
DA:630,1
DA:631,1
DA:632,1
DA:633,1
DA:634,1
DA:635,1
DA:637,1
DA:638,1
DA:639,1
DA:640,1
DA:641,1
DA:642,1
BRF:0
BRH:0
LF:434
LH:327
end_of_record
SF:/workdir/src/trueskill.rs
FN:267,_RNvMs0_NtCs4OxnJiR2j72_9ladder_rs9trueskillNtB5_15TrueSkillRating23precision_adjusted_mean
FN:252,_RNvMs0_NtCs4OxnJiR2j72_9ladder_rs9trueskillNtB5_15TrueSkillRating2mu
FN:241,_RNvMs0_NtCs4OxnJiR2j72_9ladder_rs9trueskillNtB5_15TrueSkillRating3new
FN:257,_RNvMs0_NtCs4OxnJiR2j72_9ladder_rs9trueskillNtB5_15TrueSkillRating5sigma
FN:262,_RNvMs0_NtCs4OxnJiR2j72_9ladder_rs9trueskillNtB5_15TrueSkillRating9precision
FN:300,_RNvMs2_NtCs4OxnJiR2j72_9ladder_rs9trueskillNtB5_13TrueSkillTeam3new
FN:305,_RNvMs2_NtCs4OxnJiR2j72_9ladder_rs9trueskillNtB5_13TrueSkillTeam7players
FN:338,_RNvMs4_NtCs4OxnJiR2j72_9ladder_rs9trueskillNtB5_26SimplifiedTrueSkillUpdater14update_ratings
FN:330,_RNvMs4_NtCs4OxnJiR2j72_9ladder_rs9trueskillNtB5_26SimplifiedTrueSkillUpdater3new
FN:77,_RNvMs_NtCs4OxnJiR2j72_9ladder_rs9trueskillNtB4_9TrueSkill14new_simplified
FN:167,_RNvMs_NtCs4OxnJiR2j72_9ladder_rs9trueskillNtB4_9TrueSkill15rate_simplified
FN:91,_RNvMs_NtCs4OxnJiR2j72_9ladder_rs9trueskillNtB4_9TrueSkill15with_parameters
FN:84,_RNvMs_NtCs4OxnJiR2j72_9ladder_rs9trueskillNtB4_9TrueSkill16new_factor_graph
FN:218,_RNvMs_NtCs4OxnJiR2j72_9ladder_rs9trueskillNtB4_9TrueSkill17rate_factor_graph
FN:143,_RNvMs_NtCs4OxnJiR2j72_9ladder_rs9trueskillNtB4_9TrueSkill21calculate_draw_margin
FN:72,_RNvMs_NtCs4OxnJiR2j72_9ladder_rs9trueskillNtB4_9TrueSkill3new
FN:52,_RNvXNtCs4OxnJiR2j72_9ladder_rs9trueskillNtB2_9TrueSkillNtNtCs9sjCchOt1K7_4core7default7Default7default
FN:281,_RNvXs1_NtCs4OxnJiR2j72_9ladder_rs9trueskillNtB5_15TrueSkillRatingNtNtB7_4core6Rating18standard_deviation
FN:286,_RNvXs1_NtCs4OxnJiR2j72_9ladder_rs9trueskillNtB5_15TrueSkillRatingNtNtB7_4core6Rating19conservative_rating
FN:273,_RNvXs1_NtCs4OxnJiR2j72_9ladder_rs9trueskillNtB5_15TrueSkillRatingNtNtB7_4core6Rating4mean
FN:277,_RNvXs1_NtCs4OxnJiR2j72_9ladder_rs9trueskillNtB5_15TrueSkillRatingNtNtB7_4core6Rating8variance
FN:313,_RNvXs3_NtCs4OxnJiR2j72_9ladder_rs9trueskillNtB5_13TrueSkillTeamNtNtB7_4core10TeamRating14player_ratings
FN:317,_RNvXs3_NtCs4OxnJiR2j72_9ladder_rs9trueskillNtB5_13TrueSkillTeamNtNtB7_4core10TeamRating19from_player_ratings
FN:437,_RNvXs5_NtCs4OxnJiR2j72_9ladder_rs9trueskillNtB5_9TrueSkillNtNtB7_4core12RatingSystem13create_rating
FN:478,_RNvXs5_NtCs4OxnJiR2j72_9ladder_rs9trueskillNtB5_9TrueSkillNtNtB7_4core12RatingSystem23calculate_match_quality
FN:445,_RNvXs5_NtCs4OxnJiR2j72_9ladder_rs9trueskillNtB5_9TrueSkillNtNtB7_4core12RatingSystem25create_rating_with_values
FN:449,_RNvXs5_NtCs4OxnJiR2j72_9ladder_rs9trueskillNtB5_9TrueSkillNtNtB7_4core12RatingSystem4rate
FN:267,_RNvMs0_NtCs7TQqCcX7y9v_9ladder_rs9trueskillNtB5_15TrueSkillRating23precision_adjusted_mean
FN:252,_RNvMs0_NtCs7TQqCcX7y9v_9ladder_rs9trueskillNtB5_15TrueSkillRating2mu
FN:241,_RNvMs0_NtCs7TQqCcX7y9v_9ladder_rs9trueskillNtB5_15TrueSkillRating3new
FN:257,_RNvMs0_NtCs7TQqCcX7y9v_9ladder_rs9trueskillNtB5_15TrueSkillRating5sigma
FN:262,_RNvMs0_NtCs7TQqCcX7y9v_9ladder_rs9trueskillNtB5_15TrueSkillRating9precision
FN:300,_RNvMs2_NtCs7TQqCcX7y9v_9ladder_rs9trueskillNtB5_13TrueSkillTeam3new
FN:305,_RNvMs2_NtCs7TQqCcX7y9v_9ladder_rs9trueskillNtB5_13TrueSkillTeam7players
FN:338,_RNvMs4_NtCs7TQqCcX7y9v_9ladder_rs9trueskillNtB5_26SimplifiedTrueSkillUpdater14update_ratings
FN:330,_RNvMs4_NtCs7TQqCcX7y9v_9ladder_rs9trueskillNtB5_26SimplifiedTrueSkillUpdater3new
FN:77,_RNvMs_NtCs7TQqCcX7y9v_9ladder_rs9trueskillNtB4_9TrueSkill14new_simplified
FN:167,_RNvMs_NtCs7TQqCcX7y9v_9ladder_rs9trueskillNtB4_9TrueSkill15rate_simplified
FN:91,_RNvMs_NtCs7TQqCcX7y9v_9ladder_rs9trueskillNtB4_9TrueSkill15with_parameters
FN:84,_RNvMs_NtCs7TQqCcX7y9v_9ladder_rs9trueskillNtB4_9TrueSkill16new_factor_graph
FN:218,_RNvMs_NtCs7TQqCcX7y9v_9ladder_rs9trueskillNtB4_9TrueSkill17rate_factor_graph
FN:143,_RNvMs_NtCs7TQqCcX7y9v_9ladder_rs9trueskillNtB4_9TrueSkill21calculate_draw_margin
FN:72,_RNvMs_NtCs7TQqCcX7y9v_9ladder_rs9trueskillNtB4_9TrueSkill3new
FN:52,_RNvXNtCs7TQqCcX7y9v_9ladder_rs9trueskillNtB2_9TrueSkillNtNtCs9sjCchOt1K7_4core7default7Default7default
FN:281,_RNvXs1_NtCs7TQqCcX7y9v_9ladder_rs9trueskillNtB5_15TrueSkillRatingNtNtB7_4core6Rating18standard_deviation
FN:286,_RNvXs1_NtCs7TQqCcX7y9v_9ladder_rs9trueskillNtB5_15TrueSkillRatingNtNtB7_4core6Rating19conservative_rating
FN:273,_RNvXs1_NtCs7TQqCcX7y9v_9ladder_rs9trueskillNtB5_15TrueSkillRatingNtNtB7_4core6Rating4mean
FN:277,_RNvXs1_NtCs7TQqCcX7y9v_9ladder_rs9trueskillNtB5_15TrueSkillRatingNtNtB7_4core6Rating8variance
FN:313,_RNvXs3_NtCs7TQqCcX7y9v_9ladder_rs9trueskillNtB5_13TrueSkillTeamNtNtB7_4core10TeamRating14player_ratings
FN:317,_RNvXs3_NtCs7TQqCcX7y9v_9ladder_rs9trueskillNtB5_13TrueSkillTeamNtNtB7_4core10TeamRating19from_player_ratings
FN:437,_RNvXs5_NtCs7TQqCcX7y9v_9ladder_rs9trueskillNtB5_9TrueSkillNtNtB7_4core12RatingSystem13create_rating
FN:478,_RNvXs5_NtCs7TQqCcX7y9v_9ladder_rs9trueskillNtB5_9TrueSkillNtNtB7_4core12RatingSystem23calculate_match_quality
FN:445,_RNvXs5_NtCs7TQqCcX7y9v_9ladder_rs9trueskillNtB5_9TrueSkillNtNtB7_4core12RatingSystem25create_rating_with_values
FN:449,_RNvXs5_NtCs7TQqCcX7y9v_9ladder_rs9trueskillNtB5_9TrueSkillNtNtB7_4core12RatingSystem4rate
FNDA:0,_RNvMs0_NtCs4OxnJiR2j72_9ladder_rs9trueskillNtB5_15TrueSkillRating23precision_adjusted_mean
FNDA:0,_RNvMs0_NtCs4OxnJiR2j72_9ladder_rs9trueskillNtB5_15TrueSkillRating2mu
FNDA:0,_RNvMs0_NtCs4OxnJiR2j72_9ladder_rs9trueskillNtB5_15TrueSkillRating3new
FNDA:0,_RNvMs0_NtCs4OxnJiR2j72_9ladder_rs9trueskillNtB5_15TrueSkillRating5sigma
FNDA:0,_RNvMs0_NtCs4OxnJiR2j72_9ladder_rs9trueskillNtB5_15TrueSkillRating9precision
FNDA:0,_RNvMs2_NtCs4OxnJiR2j72_9ladder_rs9trueskillNtB5_13TrueSkillTeam3new
FNDA:0,_RNvMs2_NtCs4OxnJiR2j72_9ladder_rs9trueskillNtB5_13TrueSkillTeam7players
FNDA:0,_RNvMs4_NtCs4OxnJiR2j72_9ladder_rs9trueskillNtB5_26SimplifiedTrueSkillUpdater14update_ratings
FNDA:0,_RNvMs4_NtCs4OxnJiR2j72_9ladder_rs9trueskillNtB5_26SimplifiedTrueSkillUpdater3new
FNDA:0,_RNvMs_NtCs4OxnJiR2j72_9ladder_rs9trueskillNtB4_9TrueSkill14new_simplified
FNDA:0,_RNvMs_NtCs4OxnJiR2j72_9ladder_rs9trueskillNtB4_9TrueSkill15rate_simplified
FNDA:0,_RNvMs_NtCs4OxnJiR2j72_9ladder_rs9trueskillNtB4_9TrueSkill15with_parameters
FNDA:0,_RNvMs_NtCs4OxnJiR2j72_9ladder_rs9trueskillNtB4_9TrueSkill16new_factor_graph
FNDA:0,_RNvMs_NtCs4OxnJiR2j72_9ladder_rs9trueskillNtB4_9TrueSkill17rate_factor_graph
FNDA:0,_RNvMs_NtCs4OxnJiR2j72_9ladder_rs9trueskillNtB4_9TrueSkill21calculate_draw_margin
FNDA:0,_RNvMs_NtCs4OxnJiR2j72_9ladder_rs9trueskillNtB4_9TrueSkill3new
FNDA:0,_RNvXNtCs4OxnJiR2j72_9ladder_rs9trueskillNtB2_9TrueSkillNtNtCs9sjCchOt1K7_4core7default7Default7default
FNDA:0,_RNvXs1_NtCs4OxnJiR2j72_9ladder_rs9trueskillNtB5_15TrueSkillRatingNtNtB7_4core6Rating18standard_deviation
FNDA:0,_RNvXs1_NtCs4OxnJiR2j72_9ladder_rs9trueskillNtB5_15TrueSkillRatingNtNtB7_4core6Rating19conservative_rating
FNDA:0,_RNvXs1_NtCs4OxnJiR2j72_9ladder_rs9trueskillNtB5_15TrueSkillRatingNtNtB7_4core6Rating4mean
FNDA:0,_RNvXs1_NtCs4OxnJiR2j72_9ladder_rs9trueskillNtB5_15TrueSkillRatingNtNtB7_4core6Rating8variance
FNDA:0,_RNvXs3_NtCs4OxnJiR2j72_9ladder_rs9trueskillNtB5_13TrueSkillTeamNtNtB7_4core10TeamRating14player_ratings
FNDA:0,_RNvXs3_NtCs4OxnJiR2j72_9ladder_rs9trueskillNtB5_13TrueSkillTeamNtNtB7_4core10TeamRating19from_player_ratings
FNDA:0,_RNvXs5_NtCs4OxnJiR2j72_9ladder_rs9trueskillNtB5_9TrueSkillNtNtB7_4core12RatingSystem13create_rating
FNDA:0,_RNvXs5_NtCs4OxnJiR2j72_9ladder_rs9trueskillNtB5_9TrueSkillNtNtB7_4core12RatingSystem23calculate_match_quality
FNDA:0,_RNvXs5_NtCs4OxnJiR2j72_9ladder_rs9trueskillNtB5_9TrueSkillNtNtB7_4core12RatingSystem25create_rating_with_values
FNDA:0,_RNvXs5_NtCs4OxnJiR2j72_9ladder_rs9trueskillNtB5_9TrueSkillNtNtB7_4core12RatingSystem4rate
FNDA:1,_RNvMs0_NtCs7TQqCcX7y9v_9ladder_rs9trueskillNtB5_15TrueSkillRating23precision_adjusted_mean
FNDA:10,_RNvMs0_NtCs7TQqCcX7y9v_9ladder_rs9trueskillNtB5_15TrueSkillRating2mu
FNDA:91,_RNvMs0_NtCs7TQqCcX7y9v_9ladder_rs9trueskillNtB5_15TrueSkillRating3new
FNDA:4,_RNvMs0_NtCs7TQqCcX7y9v_9ladder_rs9trueskillNtB5_15TrueSkillRating5sigma
FNDA:2,_RNvMs0_NtCs7TQqCcX7y9v_9ladder_rs9trueskillNtB5_15TrueSkillRating9precision
FNDA:8,_RNvMs2_NtCs7TQqCcX7y9v_9ladder_rs9trueskillNtB5_13TrueSkillTeam3new
FNDA:6,_RNvMs2_NtCs7TQqCcX7y9v_9ladder_rs9trueskillNtB5_13TrueSkillTeam7players
FNDA:40,_RNvMs4_NtCs7TQqCcX7y9v_9ladder_rs9trueskillNtB5_26SimplifiedTrueSkillUpdater14update_ratings
FNDA:40,_RNvMs4_NtCs7TQqCcX7y9v_9ladder_rs9trueskillNtB5_26SimplifiedTrueSkillUpdater3new
FNDA:6,_RNvMs_NtCs7TQqCcX7y9v_9ladder_rs9trueskillNtB4_9TrueSkill14new_simplified
FNDA:40,_RNvMs_NtCs7TQqCcX7y9v_9ladder_rs9trueskillNtB4_9TrueSkill15rate_simplified
FNDA:8,_RNvMs_NtCs7TQqCcX7y9v_9ladder_rs9trueskillNtB4_9TrueSkill15with_parameters
FNDA:2,_RNvMs_NtCs7TQqCcX7y9v_9ladder_rs9trueskillNtB4_9TrueSkill16new_factor_graph
FNDA:3,_RNvMs_NtCs7TQqCcX7y9v_9ladder_rs9trueskillNtB4_9TrueSkill17rate_factor_graph
FNDA:20,_RNvMs_NtCs7TQqCcX7y9v_9ladder_rs9trueskillNtB4_9TrueSkill21calculate_draw_margin
FNDA:9,_RNvMs_NtCs7TQqCcX7y9v_9ladder_rs9trueskillNtB4_9TrueSkill3new
FNDA:17,_RNvXNtCs7TQqCcX7y9v_9ladder_rs9trueskillNtB2_9TrueSkillNtNtCs9sjCchOt1K7_4core7default7Default7default
FNDA:8,_RNvXs1_NtCs7TQqCcX7y9v_9ladder_rs9trueskillNtB5_15TrueSkillRatingNtNtB7_4core6Rating18standard_deviation
FNDA:1,_RNvXs1_NtCs7TQqCcX7y9v_9ladder_rs9trueskillNtB5_15TrueSkillRatingNtNtB7_4core6Rating19conservative_rating
FNDA:130,_RNvXs1_NtCs7TQqCcX7y9v_9ladder_rs9trueskillNtB5_15TrueSkillRatingNtNtB7_4core6Rating4mean
FNDA:121,_RNvXs1_NtCs7TQqCcX7y9v_9ladder_rs9trueskillNtB5_15TrueSkillRatingNtNtB7_4core6Rating8variance
FNDA:200,_RNvXs3_NtCs7TQqCcX7y9v_9ladder_rs9trueskillNtB5_13TrueSkillTeamNtNtB7_4core10TeamRating14player_ratings
FNDA:102,_RNvXs3_NtCs7TQqCcX7y9v_9ladder_rs9trueskillNtB5_13TrueSkillTeamNtNtB7_4core10TeamRating19from_player_ratings
FNDA:16,_RNvXs5_NtCs7TQqCcX7y9v_9ladder_rs9trueskillNtB5_9TrueSkillNtNtB7_4core12RatingSystem13create_rating
FNDA:1,_RNvXs5_NtCs7TQqCcX7y9v_9ladder_rs9trueskillNtB5_9TrueSkillNtNtB7_4core12RatingSystem23calculate_match_quality
FNDA:11,_RNvXs5_NtCs7TQqCcX7y9v_9ladder_rs9trueskillNtB5_9TrueSkillNtNtB7_4core12RatingSystem25create_rating_with_values
FNDA:40,_RNvXs5_NtCs7TQqCcX7y9v_9ladder_rs9trueskillNtB5_9TrueSkillNtNtB7_4core12RatingSystem4rate
FNF:27
FNH:27
DA:52,17
DA:53,17
DA:54,17
DA:55,17
DA:56,17
DA:57,17
DA:58,17
DA:59,17
DA:60,17
DA:61,17
DA:62,17
DA:63,17
DA:64,17
DA:65,17
DA:66,17
DA:67,17
DA:72,9
DA:73,9
DA:74,9
DA:77,6
DA:78,6
DA:79,6
DA:80,6
DA:81,6
DA:84,2
DA:85,2
DA:86,2
DA:87,2
DA:88,2
DA:91,8
DA:92,8
DA:93,8
DA:94,8
DA:95,8
DA:96,8
DA:97,8
DA:98,8
DA:99,8
DA:100,1
DA:101,1
DA:102,1
DA:103,7
DA:104,7
DA:105,7
DA:106,1
DA:107,1
DA:108,1
DA:109,6
DA:110,6
DA:111,6
DA:112,1
DA:113,1
DA:114,1
DA:115,5
DA:116,5
DA:117,5
DA:118,0
DA:119,0
DA:120,0
DA:121,5
DA:122,5
DA:123,5
DA:124,2
DA:125,2
DA:126,2
DA:127,3
DA:128,3
DA:129,3
DA:130,3
DA:131,3
DA:132,3
DA:133,3
DA:134,3
DA:135,3
DA:136,3
DA:137,3
DA:138,3
DA:139,3
DA:140,8
DA:143,20
DA:144,20
DA:145,20
DA:146,20
DA:147,20
DA:148,20
DA:149,20
DA:150,20
DA:151,20
DA:152,20
DA:153,20
DA:154,20
DA:155,20
DA:156,20
DA:157,20
DA:158,20
DA:159,20
DA:160,20
DA:161,20
DA:162,20
DA:163,20
DA:164,20
DA:167,40
DA:168,40
DA:169,40
DA:170,40
DA:171,40
DA:172,40
DA:173,0
DA:174,0
DA:175,0
DA:176,40
DA:177,40
DA:178,40
DA:179,40
DA:180,0
DA:181,0
DA:182,0
DA:183,40
DA:184,40
DA:185,40
DA:186,40
DA:187,40
DA:190,40
DA:191,27
DA:192,13
DA:193,7
DA:195,6
DA:199,40
DA:200,40
DA:201,40
DA:202,40
DA:203,40
DA:205,40
DA:206,40
DA:207,40
DA:208,40
DA:209,40
DA:211,40
DA:212,40
DA:213,40
DA:214,40
DA:215,40
DA:218,3
DA:219,3
DA:220,3
DA:221,3
DA:222,3
DA:223,3
DA:224,3
DA:225,3
DA:226,3
DA:241,91
DA:242,91
DA:243,2
DA:244,2
DA:245,2
DA:246,89
DA:247,89
DA:248,89
DA:249,91
DA:252,10
DA:253,10
DA:254,10
DA:257,4
DA:258,4
DA:259,4
DA:262,2
DA:263,2
DA:264,2
DA:267,1
DA:268,1
DA:269,1
DA:273,130
DA:274,130
DA:275,130
DA:277,121
DA:278,121
DA:279,121
DA:281,8
DA:282,8
DA:283,8
DA:286,1
DA:287,1
DA:288,1
DA:300,8
DA:301,8
DA:302,8
DA:305,6
DA:306,6
DA:307,6
DA:313,200
DA:314,200
DA:315,200
DA:317,102
DA:318,102
DA:319,102
DA:330,40
DA:331,40
DA:332,40
DA:333,40
DA:334,40
DA:335,40
DA:336,40
DA:338,40
DA:339,40
DA:340,40
DA:341,40
DA:342,40
DA:343,40
DA:344,40
DA:345,40
DA:346,40
DA:347,40
DA:348,40
DA:349,40
DA:350,40
DA:351,40
DA:352,40
DA:353,40
DA:354,40
DA:355,40
DA:356,40
DA:357,40
DA:358,40
DA:359,40
DA:360,40
DA:361,40
DA:362,40
DA:364,40
DA:366,27
DA:367,27
DA:368,0
DA:370,27
DA:371,27
DA:372,27
DA:376,7
DA:377,7
DA:378,1
DA:380,6
DA:381,6
DA:382,6
DA:386,6
DA:387,6
DA:388,6
DA:389,6
DA:390,6
DA:391,6
DA:392,6
DA:393,0
DA:395,6
DA:396,6
DA:397,6
DA:398,6
DA:404,40
DA:405,40
DA:406,40
DA:407,40
DA:408,40
DA:409,40
DA:410,40
DA:411,40
DA:412,40
DA:413,40
DA:414,40
DA:415,40
DA:416,40
DA:418,40
DA:419,40
DA:421,40
DA:422,40
DA:437,16
DA:438,16
DA:439,16
DA:440,16
DA:441,16
DA:442,16
DA:443,16
DA:445,11
DA:446,11
DA:447,11
DA:449,40
DA:450,40
DA:451,40
DA:452,40
DA:453,40
DA:454,40
DA:455,0
DA:456,0
DA:457,0
DA:458,40
DA:459,40
DA:460,40
DA:461,40
DA:462,40
DA:463,0
DA:464,0
DA:465,0
DA:466,40
DA:467,40
DA:468,40
DA:470,37
DA:473,3
DA:476,40
DA:478,1
DA:479,1
DA:480,1
DA:481,1
BRF:0
BRH:0
LF:307
LH:290
end_of_record